<?xml version="1.0" encoding="UTF-8"?>
<!-- Generated by org.testng.reporters.JUnitReportReporter -->
<testsuite hostname="DESKTOP-CFBSPG5" failures="0" tests="1" name="com.TestPageObjectModel.ClearTripMainPage" time="9.272" errors="0" timestamp="2021-03-03T22:35:28 EST" skipped="0">
  <testcase classname="com.TestPageObjectModel.ClearTripMainPage" name="Test1" time="9.272"/>
  <system-out/>
</testsuite> <!-- com.TestPageObjectModel.ClearTripMainPage -->
