<?xml version="1.0" encoding="UTF-8"?>
<!-- Generated by org.testng.reporters.JUnitReportReporter -->
<testsuite hostname="DESKTOP-CFBSPG5" failures="0" tests="3" name="com.TestPageObjectModel.YourLogo" time="46.580" errors="0" timestamp="2021-03-03T21:49:20 EST" skipped="0">
  <testcase classname="com.TestPageObjectModel.YourLogo" name="test1" time="3.566"/>
  <system-out/>
  <testcase classname="com.TestPageObjectModel.YourLogo" name="test3" time="32.456"/>
  <system-out/>
  <testcase classname="com.TestPageObjectModel.YourLogo" name="test2" time="10.558"/>
  <system-out/>
</testsuite> <!-- com.TestPageObjectModel.YourLogo -->
